<?xml version="1.0" ?>
<testsuite name="TestMain-20211220122338" tests="4" time="0.000" failures="0" errors="0">
	<testcase classname="TestMain" name="test_fibAllCases" time="0.000"/>
	<testcase classname="TestMain" name="test_fibNegative" time="0.000"/>
	<testcase classname="TestMain" name="test_fibPositive" time="0.000"/>
	<testcase classname="TestMain" name="test_fibZero" time="0.000"/>
	<system-out><![CDATA[]]></system-out>
	<system-err><![CDATA[]]></system-err>
</testsuite>
