<?xml version="1.0" ?>
<testsuite name="TestQueue-20211220020421" tests="2" time="0.000" failures="0" errors="0">
	<testcase classname="TestQueue" name="test_minux" time="0.000"/>
	<testcase classname="TestQueue" name="test_plus" time="0.000"/>
	<system-out><![CDATA[]]></system-out>
	<system-err><![CDATA[]]></system-err>
</testsuite>
